<?xml version="1.0" encoding="UTF-8"?>
<!-- Generated by org.testng.reporters.JUnitXMLReporter -->
<testsuite ignored="0" hostname="DESKTOP-I3BGM4H" failures="0" tests="2" name="Default test" time="38.156" errors="0" timestamp="11 Jan 2022 11:56:37 GMT">
  <testcase classname="com.crm.qa.testcases.SignUppageTest" name="verifySignUppageTitlle" time="0.02"/>
  <testcase classname="com.crm.qa.testcases.SignUppageTest" name="clickOnSignupButtonTest" time="2.391"/>
</testsuite> <!-- Default test -->
